2016-03-18 15:23:56+0700 [scrapy] INFO: Scrapy 0.24.6 started (bot: crawler)
2016-03-18 15:23:56+0700 [scrapy] INFO: Optional features available: ssl, http11
2016-03-18 15:23:56+0700 [scrapy] INFO: Overridden settings: {'NEWSPIDER_MODULE': 'crawler.spiders', 'FEED_URI': 'output/kphim_output.json', 'CONCURRENT_REQUESTS_PER_DOMAIN': 30, 'CONCURRENT_REQUESTS': 50, 'SPIDER_MODULES': ['crawler.spiders'], 'BOT_NAME': 'crawler', 'USER_AGENT': 'Mozilla/5.0 (X11; Linux x86_64) AppleWebKit/537.36        (KHTML, like Gecko) Chrome/27.0.1453.93 Safari/537.36', 'FEED_FORMAT': 'json', 'LOG_FILE': 'output/kphim.log', 'DOWNLOAD_DELAY': 1}
2016-03-18 15:23:56+0700 [scrapy] INFO: Enabled extensions: FeedExporter, LogStats, TelnetConsole, CloseSpider, WebService, CoreStats, SpiderState
2016-03-18 15:23:57+0700 [scrapy] INFO: Enabled downloader middlewares: RedirectMiddleware, HttpAuthMiddleware, RetryMiddleware, DefaultHeadersMiddleware, MetaRefreshMiddleware, HttpCompressionMiddleware, CookiesMiddleware, ChunkedTransferMiddleware, DownloaderStats, DownloadTimeoutMiddleware
2016-03-18 15:23:57+0700 [scrapy] INFO: Enabled spider middlewares: HttpErrorMiddleware, OffsiteMiddleware, RefererMiddleware, UrlLengthMiddleware, DepthMiddleware
2016-03-18 15:23:57+0700 [scrapy] INFO: Enabled item pipelines: 
2016-03-18 15:23:57+0700 [film] INFO: Spider opened
2016-03-18 15:23:57+0700 [film] INFO: Crawled 0 pages (at 0 pages/min), scraped 0 items (at 0 items/min)
2016-03-18 15:24:57+0700 [film] INFO: Crawled 48 pages (at 48 pages/min), scraped 47 items (at 47 items/min)
2016-03-18 15:25:34+0700 [film] INFO: Closing spider (finished)
2016-03-18 15:25:34+0700 [film] INFO: Stored json feed (80 items) in: output/kphim_output.json
2016-03-18 15:25:34+0700 [film] INFO: Dumping Scrapy stats:
	{'downloader/request_bytes': 31236,
	 'downloader/request_count': 81,
	 'downloader/request_method_count/GET': 81,
	 'downloader/response_bytes': 1291996,
	 'downloader/response_count': 81,
	 'downloader/response_status_count/200': 81,
	 'finish_reason': 'finished',
	 'finish_time': datetime.datetime(2016, 3, 18, 8, 25, 34, 703498),
	 'item_scraped_count': 80,
	 'log_count/DEBUG': 163,
	 'log_count/INFO': 9,
	 'request_depth_max': 1,
	 'response_received_count': 81,
	 'scheduler/dequeued': 81,
	 'scheduler/dequeued/memory': 81,
	 'scheduler/enqueued': 81,
	 'scheduler/enqueued/memory': 81,
	 'start_time': datetime.datetime(2016, 3, 18, 8, 23, 57, 34929)}
2016-03-18 15:25:34+0700 [film] INFO: Spider closed (finished)
